<?xml version="1.0" encoding="UTF-8"?>
<testsuites name="DesktopAndWebApplicationSuite" time="179.368" tests="4" failures="0" errors="0">
   <testsuite name="DesktopAndWebApplicationSuite" tests="4" failures="0" errors="0" time="179.368" skipped="0" timestamp="2022-06-06 17:02:09" hostname="Testing - TXHYD-PC-02.testingxperts.loc" id="Test Suites/testcaseorder/DesktopAndWebApplicationSuite">
      <properties>
         <property name="deviceName" value=""/>
         <property name="devicePlatform" value=""/>
         <property name="logFolder" value="C:\\Users\\AjayBezawada\\Katalon Studio\\My First Web UI Project\\Reports\\20220606_170159\\testcaseorder\\DesktopAndWebApplicationSuite\\20220606_170159"/>
         <property name="logFiles" value="C:\\Users\\AjayBezawada\\Katalon Studio\\My First Web UI Project\\Reports\\20220606_170159\\testcaseorder\\DesktopAndWebApplicationSuite\\20220606_170159\\execution0.log"/>
         <property name="attachments" value=""/>
         <property name="hostName" value="Testing - TXHYD-PC-02.testingxperts.loc"/>
         <property name="desiredCapabilities" value="{}"/>
         <property name="os" value="Windows 10 64bit"/>
         <property name="katalonVersion" value="8.3.5.208"/>
         <property name="browser" value="Chrome 102.0.5005.63"/>
         <property name="hostAddress" value="172.16.3.53"/>
         <property name="sessionId" value="7a2087e4d4fb2cf2a74a2027329b4228"/>
         <property name="seleniumVersion" value="3.141.59"/>
         <property name="proxyInformation" value="ProxyInformation { proxyOption=NO_PROXY, proxyServerType=HTTP, username=, password=********, proxyServerAddress=, proxyServerPort=0, executionList=&quot;&quot;, isApplyToDesiredCapabilities=true }"/>
         <property name="platform" value="Windows 10"/>
      </properties>
      <testcase name="Test Cases/DesktopAndWebApplication/Orderdesktopapp" time="41.338" classname="Test Cases/DesktopAndWebApplication/Orderdesktopapp" status="PASSED">
         <system-out><![CDATA[2022-06-06 17:02:09 - [TEST_CASE][PASSED] - Test Cases/DesktopAndWebApplication/Orderdesktopapp: Test Cases/DesktopAndWebApplication/Orderdesktopapp

2022-06-06 17:02:10 - [TEST_STEP][PASSED] - startApplicationWithTitle("C:\Users\AjayBezawada\Documents\UiPath\Desktop_OrderScenarios_Library\.settings\APK File\Orders.exe", "Orders"): The application at location: C:\Users\AjayBezawada\Documents\UiPath\Desktop_OrderScenarios_Library\.settings\APK File\Orders.exe started.

2022-06-06 17:02:10 - [MESSAGE][INFO] - Starting application C:\Users\AjayBezawada\Documents\UiPath\Desktop_OrderScenarios_Library\.settings\APK File\Orders.exe on the local machine at address http://127.0.0.1:4723

2022-06-06 17:02:11 - [MESSAGE][PASSED] - The application at location: C:\Users\AjayBezawada\Documents\UiPath\Desktop_OrderScenarios_Library\.settings\APK File\Orders.exe started.

2022-06-06 17:02:11 - [TEST_STEP][PASSED] - click(findWindowsObject("Object Repository/New Order Button")): Click on element: Object Repository/New Order Button succesfully

2022-06-06 17:02:12 - [MESSAGE][INFO] - Clicking on element: Object Repository/New Order Button

2022-06-06 17:02:12 - [MESSAGE][PASSED] - Click on element: Object Repository/New Order Button succesfully

2022-06-06 17:02:12 - [TEST_STEP][PASSED] - click(findWindowsObject("Object Repository/Customer Name")): Click on element: Object Repository/Customer Name succesfully

2022-06-06 17:02:13 - [MESSAGE][INFO] - Clicking on element: Object Repository/Customer Name

2022-06-06 17:02:13 - [MESSAGE][PASSED] - Click on element: Object Repository/Customer Name succesfully

2022-06-06 17:02:13 - [TEST_STEP][PASSED] - setText(findWindowsObject("Object Repository/Customer Name"), Customer): Text Kenyon Stuart is set

2022-06-06 17:02:17 - [MESSAGE][PASSED] - Text Kenyon Stuart is set

2022-06-06 17:02:17 - [TEST_STEP][PASSED] - verifyCheckpoint(findCheckpoint("Checkpoints/DesktopApplication/NameCheckpoint"), false): Checkpoint data and Source data are matched

2022-06-06 17:02:17 - [MESSAGE][PASSED] - Checkpoint data and Source data are matched

2022-06-06 17:02:17 - [TEST_STEP][PASSED] - setText(findWindowsObject("Object Repository/Streetname"), Street): Text 73668 East Daniels Way is set

2022-06-06 17:02:22 - [MESSAGE][PASSED] - Text 73668 East Daniels Way is set

2022-06-06 17:02:22 - [TEST_STEP][PASSED] - verifyMatch("73668 East Daniels Way", "73668 East Daniels Way", false): Actual text '73668 East Daniels Way' and expected text '73668 East Daniels Way' are matched 

2022-06-06 17:02:22 - [MESSAGE][PASSED] - Actual text '73668 East Daniels Way' and expected text '73668 East Daniels Way' are matched 

2022-06-06 17:02:22 - [TEST_STEP][PASSED] - click(findWindowsObject("Object Repository/City Name")): Click on element: Object Repository/City Name succesfully

2022-06-06 17:02:23 - [MESSAGE][INFO] - Clicking on element: Object Repository/City Name

2022-06-06 17:02:23 - [MESSAGE][PASSED] - Click on element: Object Repository/City Name succesfully

2022-06-06 17:02:23 - [TEST_STEP][PASSED] - setText(findWindowsObject("Object Repository/City Name"), City): Text Thousand Oaks is set

2022-06-06 17:02:26 - [MESSAGE][PASSED] - Text Thousand Oaks is set

2022-06-06 17:02:26 - [TEST_STEP][PASSED] - verifyMatch("Thousands Oaks", "Thousands Oaks", false): Actual text 'Thousands Oaks' and expected text 'Thousands Oaks' are matched 

2022-06-06 17:02:26 - [MESSAGE][PASSED] - Actual text 'Thousands Oaks' and expected text 'Thousands Oaks' are matched 

2022-06-06 17:02:26 - [TEST_STEP][PASSED] - setText(findWindowsObject("Object Repository/State Name"), State): Text NE is set

2022-06-06 17:02:29 - [MESSAGE][PASSED] - Text NE is set

2022-06-06 17:02:29 - [TEST_STEP][PASSED] - verifyMatch("NE", "NE", false): Actual text 'NE' and expected text 'NE' are matched 

2022-06-06 17:02:29 - [MESSAGE][PASSED] - Actual text 'NE' and expected text 'NE' are matched 

2022-06-06 17:02:29 - [TEST_STEP][PASSED] - setText(findWindowsObject("Object Repository/Zip code"), zip): Text 6842 is set

2022-06-06 17:02:32 - [MESSAGE][PASSED] - Text 6842 is set

2022-06-06 17:02:32 - [TEST_STEP][PASSED] - verifyMatch("6842", "6842", false): Actual text '6842' and expected text '6842' are matched 

2022-06-06 17:02:32 - [MESSAGE][PASSED] - Actual text '6842' and expected text '6842' are matched 

2022-06-06 17:02:32 - [TEST_STEP][PASSED] - click(findWindowsObject("Object Repository/Select CardName")): Click on element: Object Repository/Select CardName succesfully

2022-06-06 17:02:32 - [MESSAGE][INFO] - Clicking on element: Object Repository/Select CardName

2022-06-06 17:02:33 - [MESSAGE][PASSED] - Click on element: Object Repository/Select CardName succesfully

2022-06-06 17:02:33 - [TEST_STEP][PASSED] - setText(findWindowsObject("Object Repository/CardNumber"), CardNo): Text 1330019087 is set

2022-06-06 17:02:36 - [MESSAGE][PASSED] - Text 1330019087 is set

2022-06-06 17:02:36 - [TEST_STEP][PASSED] - verifyMatch("1330019087", "1330019087", false): Actual text '1330019087' and expected text '1330019087' are matched 

2022-06-06 17:02:36 - [MESSAGE][PASSED] - Actual text '1330019087' and expected text '1330019087' are matched 

2022-06-06 17:02:36 - [TEST_STEP][PASSED] - setText(findWindowsObject("Object Repository/ExpiryDateOfCard"), ExpDate): Text 01/01/2023 is set

2022-06-06 17:02:40 - [MESSAGE][PASSED] - Text 01/01/2023 is set

2022-06-06 17:02:40 - [TEST_STEP][PASSED] - verifyMatch("01/01/2023", "01/01/2023", false): Actual text '01/01/2023' and expected text '01/01/2023' are matched 

2022-06-06 17:02:40 - [MESSAGE][PASSED] - Actual text '01/01/2023' and expected text '01/01/2023' are matched 

2022-06-06 17:02:40 - [TEST_STEP][PASSED] - click(findWindowsObject("Ok Button")): Click on element: Object Repository/Ok Button succesfully

2022-06-06 17:02:40 - [MESSAGE][INFO] - Clicking on element: Object Repository/Ok Button

2022-06-06 17:02:40 - [MESSAGE][PASSED] - Click on element: Object Repository/Ok Button succesfully

2022-06-06 17:02:40 - [TEST_STEP][PASSED] - click(findWindowsObject("Edit OrderButton")): Click on element: Object Repository/Edit OrderButton succesfully

2022-06-06 17:02:41 - [MESSAGE][INFO] - Clicking on element: Object Repository/Edit OrderButton

2022-06-06 17:02:41 - [MESSAGE][PASSED] - Click on element: Object Repository/Edit OrderButton succesfully

2022-06-06 17:02:41 - [TEST_STEP][PASSED] - click(findWindowsObject("Object Repository/Click CustomerName")): Click on element: Object Repository/Click CustomerName succesfully

2022-06-06 17:02:42 - [MESSAGE][INFO] - Clicking on element: Object Repository/Click CustomerName

2022-06-06 17:02:42 - [MESSAGE][PASSED] - Click on element: Object Repository/Click CustomerName succesfully

2022-06-06 17:02:42 - [TEST_STEP][PASSED] - clearText(findWindowsObject("Object Repository/Edit CustomerName")): Clear text on element: Object Repository/Edit CustomerName succesfully

2022-06-06 17:02:44 - [MESSAGE][PASSED] - Clear text on element: Object Repository/Edit CustomerName succesfully

2022-06-06 17:02:44 - [TEST_STEP][PASSED] - setText(findWindowsObject("Object Repository/Edit CustomerName"), Edit_Customer): Text Kristen is set

2022-06-06 17:02:48 - [MESSAGE][PASSED] - Text Kristen is set

2022-06-06 17:02:48 - [TEST_STEP][PASSED] - verifyMatch("Kristen", "Kristen", false): Actual text 'Kristen' and expected text 'Kristen' are matched 

2022-06-06 17:02:48 - [MESSAGE][PASSED] - Actual text 'Kristen' and expected text 'Kristen' are matched 

2022-06-06 17:02:48 - [TEST_STEP][PASSED] - click(findWindowsObject("Ok Button")): Click on element: Object Repository/Ok Button succesfully

2022-06-06 17:02:48 - [MESSAGE][INFO] - Clicking on element: Object Repository/Ok Button

2022-06-06 17:02:48 - [MESSAGE][PASSED] - Click on element: Object Repository/Ok Button succesfully

2022-06-06 17:02:48 - [TEST_STEP][PASSED] - click(findWindowsObject("Delete Button")): Click on element: Object Repository/Delete Button succesfully

2022-06-06 17:02:49 - [MESSAGE][INFO] - Clicking on element: Object Repository/Delete Button

2022-06-06 17:02:49 - [MESSAGE][PASSED] - Click on element: Object Repository/Delete Button succesfully

2022-06-06 17:02:49 - [TEST_STEP][PASSED] - click(findWindowsObject("Confirmation page")): Click on element: Object Repository/Confirmation page succesfully

2022-06-06 17:02:49 - [MESSAGE][INFO] - Clicking on element: Object Repository/Confirmation page

2022-06-06 17:02:49 - [MESSAGE][PASSED] - Click on element: Object Repository/Confirmation page succesfully

2022-06-06 17:02:49 - [TEST_STEP][PASSED] - click(findWindowsObject("Yes Button")): Click on element: Object Repository/Yes Button succesfully

2022-06-06 17:02:50 - [MESSAGE][INFO] - Clicking on element: Object Repository/Yes Button

2022-06-06 17:02:50 - [MESSAGE][PASSED] - Click on element: Object Repository/Yes Button succesfully

2022-06-06 17:02:50 - [TEST_STEP][PASSED] - click(findWindowsObject("Close application Button")): Click on element: Object Repository/Close application Button succesfully

2022-06-06 17:02:50 - [MESSAGE][INFO] - Clicking on element: Object Repository/Close application Button

2022-06-06 17:02:50 - [MESSAGE][PASSED] - Click on element: Object Repository/Close application Button succesfully

2022-06-06 17:02:50 - [TEST_STEP][PASSED] - click(findWindowsObject("No Button")): Click on element: Object Repository/No Button succesfully

2022-06-06 17:02:50 - [MESSAGE][INFO] - Clicking on element: Object Repository/No Button

2022-06-06 17:02:51 - [MESSAGE][PASSED] - Click on element: Object Repository/No Button succesfully]]></system-out>
         <system-err><![CDATA[]]></system-err>
      </testcase>
      <testcase name="Test Cases/DesktopAndWebApplication/Amazonwebtc" time="117.056" classname="Test Cases/DesktopAndWebApplication/Amazonwebtc" status="PASSED">
         <system-out><![CDATA[2022-06-06 17:02:51 - [TEST_CASE][PASSED] - Test Cases/DesktopAndWebApplication/Amazonwebtc: Test Cases/DesktopAndWebApplication/Amazonwebtc

2022-06-06 17:02:51 - [TEST_STEP][PASSED] - openBrowser(""): Browser is opened with url: ''

2022-06-06 17:02:51 - [MESSAGE][INFO] - Starting 'Chrome' driver

2022-06-06 17:02:51 - [MESSAGE][INFO] - Action delay is set to 0 milliseconds

2022-06-06 17:02:53 - [MESSAGE][PASSED] - Browser is opened with url: ''

2022-06-06 17:02:53 - [TEST_STEP][PASSED] - navigateToUrl("https://www.amazon.com/"): Navigate to 'https://www.amazon.com/' successfully

2022-06-06 17:02:58 - [MESSAGE][PASSED] - Navigate to 'https://www.amazon.com/' successfully

2022-06-06 17:02:58 - [TEST_STEP][PASSED] - maximizeWindow(): Current window maximized

2022-06-06 17:02:58 - [MESSAGE][PASSED] - Current window maximized

2022-06-06 17:02:58 - [TEST_STEP][PASSED] - click(findTestObject("Object Repository/Page_Amazon.com. Spend less. Smile more/a_Hello, Sign in  Account  Lists")): Object: 'Object Repository/Page_Amazon.com. Spend less. Smile more/a_Hello, Sign in  Account  Lists' is clicked on

2022-06-06 17:03:00 - [MESSAGE][PASSED] - Object: 'Object Repository/Page_Amazon.com. Spend less. Smile more/a_Hello, Sign in  Account  Lists' is clicked on

2022-06-06 17:03:00 - [TEST_STEP][PASSED] - setText(findTestObject("Object Repository/Page_Amazon Sign-In/input_Email or mobile phone number_email"), Username): Text 'testingtx2020@gmail.com' is set on object 'Object Repository/Page_Amazon Sign-In/input_Email or mobile phone number_email'

2022-06-06 17:03:02 - [MESSAGE][PASSED] - Text 'testingtx2020@gmail.com' is set on object 'Object Repository/Page_Amazon Sign-In/input_Email or mobile phone number_email'

2022-06-06 17:03:02 - [TEST_STEP][PASSED] - verifyMatch(Username, Username, false): Actual text 'testingtx2020@gmail.com' and expected text 'testingtx2020@gmail.com' are matched 

2022-06-06 17:03:02 - [MESSAGE][PASSED] - Actual text 'testingtx2020@gmail.com' and expected text 'testingtx2020@gmail.com' are matched 

2022-06-06 17:03:02 - [TEST_STEP][PASSED] - click(findTestObject("Object Repository/Page_Amazon Sign-In/input_Enter your email or mobile phone numb_fc7402")): Object: 'Object Repository/Page_Amazon Sign-In/input_Enter your email or mobile phone numb_fc7402' is clicked on

2022-06-06 17:03:03 - [MESSAGE][PASSED] - Object: 'Object Repository/Page_Amazon Sign-In/input_Enter your email or mobile phone numb_fc7402' is clicked on

2022-06-06 17:03:03 - [TEST_STEP][PASSED] - setEncryptedText(findTestObject("Object Repository/Page_Amazon Sign-In/input_Forgot your password_password"), Password): Text ****** has been set on object 'Object Repository/Page_Amazon Sign-In/input_Forgot your password_password'

2022-06-06 17:03:04 - [MESSAGE][PASSED] - Text ****** has been set on object 'Object Repository/Page_Amazon Sign-In/input_Forgot your password_password'

2022-06-06 17:03:04 - [TEST_STEP][PASSED] - verifyMatch(Password, Password, false): Actual text 'PLGTm/4mhzCFv1nCPynrvg==' and expected text 'PLGTm/4mhzCFv1nCPynrvg==' are matched 

2022-06-06 17:03:04 - [MESSAGE][PASSED] - Actual text 'PLGTm/4mhzCFv1nCPynrvg==' and expected text 'PLGTm/4mhzCFv1nCPynrvg==' are matched 

2022-06-06 17:03:04 - [TEST_STEP][PASSED] - click(findTestObject("Object Repository/Page_Amazon Sign-In/div_Please Enable Cookies to Continue      _8c8bcd")): Object: 'Object Repository/Page_Amazon Sign-In/div_Please Enable Cookies to Continue      _8c8bcd' is clicked on

2022-06-06 17:03:04 - [MESSAGE][PASSED] - Object: 'Object Repository/Page_Amazon Sign-In/div_Please Enable Cookies to Continue      _8c8bcd' is clicked on

2022-06-06 17:03:04 - [TEST_STEP][PASSED] - click(findTestObject("Object Repository/Page_Amazon Sign-In/div_Sign-In                      testingtx2_9ecf4f")): Object: 'Object Repository/Page_Amazon Sign-In/div_Sign-In                      testingtx2_9ecf4f' is clicked on

2022-06-06 17:03:05 - [MESSAGE][PASSED] - Object: 'Object Repository/Page_Amazon Sign-In/div_Sign-In                      testingtx2_9ecf4f' is clicked on

2022-06-06 17:03:05 - [TEST_STEP][PASSED] - click(findTestObject("Object Repository/Page_Amazon Sign-In/input_Enter your password_signInSubmit")): Object: 'Object Repository/Page_Amazon Sign-In/input_Enter your password_signInSubmit' is clicked on

2022-06-06 17:03:05 - [MESSAGE][PASSED] - Object: 'Object Repository/Page_Amazon Sign-In/input_Enter your password_signInSubmit' is clicked on

2022-06-06 17:03:05 - [TEST_STEP][PASSED] - setText(findTestObject("Object Repository/Page_Amazon.com. Spend less. Smile more/input_All_field-keywords"), BookName): Text ' Alchemist' is set on object 'Object Repository/Page_Amazon.com. Spend less. Smile more/input_All_field-keywords'

2022-06-06 17:03:50 - [MESSAGE][PASSED] - Text ' Alchemist' is set on object 'Object Repository/Page_Amazon.com. Spend less. Smile more/input_All_field-keywords'

2022-06-06 17:03:50 - [TEST_STEP][PASSED] - verifyMatch(BookName, BookName, false): Actual text ' Alchemist' and expected text ' Alchemist' are matched 

2022-06-06 17:03:50 - [MESSAGE][PASSED] - Actual text ' Alchemist' and expected text ' Alchemist' are matched 

2022-06-06 17:03:50 - [TEST_STEP][PASSED] - click(findTestObject("Object Repository/Page_Amazon.com. Spend less. Smile more/input_All_nav-search-submit-button")): Object: 'Object Repository/Page_Amazon.com. Spend less. Smile more/input_All_nav-search-submit-button' is clicked on

2022-06-06 17:03:56 - [MESSAGE][PASSED] - Object: 'Object Repository/Page_Amazon.com. Spend less. Smile more/input_All_nav-search-submit-button' is clicked on

2022-06-06 17:03:56 - [TEST_STEP][PASSED] - click(findTestObject("Object Repository/Page_Amazon.com  Alchemist/img_Best Seller_s-image")): Object: 'Object Repository/Page_Amazon.com  Alchemist/img_Best Seller_s-image' is clicked on

2022-06-06 17:04:27 - [MESSAGE][INFO] - Unable to find the element located by 'By.xpath: //div[@id='search']/div/div/div/span[3]/div[2]/div[2]/div/div/div/div/div/div/div/div[2]/div/span/a/div/img'. Please recheck the objects properties to make sure the desired element is located. 

2022-06-06 17:04:27 - [MESSAGE][WARNING] - [SELF-HEALING] Failed to find element with id 'Object Repository/Page_Amazon.com  Alchemist/img_Best Seller_s-image'. Try using Self-healing.

2022-06-06 17:04:27 - [MESSAGE][WARNING] - [SELF-HEALING] The current locator of test object 'Object Repository/Page_Amazon.com  Alchemist/img_Best Seller_s-image' was broken. Propose an alternative one: '(//img[@alt='The Alchemist, 25th Anniversary: A Fable About Following Your Dream'])[2]'.

2022-06-06 17:04:32 - [MESSAGE][PASSED] - Object: 'Object Repository/Page_Amazon.com  Alchemist/img_Best Seller_s-image' is clicked on

2022-06-06 17:04:32 - [TEST_STEP][PASSED] - click(findTestObject("Object Repository/Page_The Alchemist, 25th Anniversary A Fabl_ebcfbb/input_Shipping cost, delivery date, and ord_223673")): Object: 'Object Repository/Page_The Alchemist, 25th Anniversary A Fabl_ebcfbb/input_Shipping cost, delivery date, and ord_223673' is clicked on

2022-06-06 17:04:38 - [MESSAGE][PASSED] - Object: 'Object Repository/Page_The Alchemist, 25th Anniversary A Fabl_ebcfbb/input_Shipping cost, delivery date, and ord_223673' is clicked on

2022-06-06 17:04:38 - [TEST_STEP][PASSED] - click(findTestObject("Object Repository/Page_Amazon.com Shopping Cart/span_Orders_nav-cart-icon nav-sprite")): Object: 'Object Repository/Page_Amazon.com Shopping Cart/span_Orders_nav-cart-icon nav-sprite' is clicked on

2022-06-06 17:04:43 - [MESSAGE][PASSED] - Object: 'Object Repository/Page_Amazon.com Shopping Cart/span_Orders_nav-cart-icon nav-sprite' is clicked on

2022-06-06 17:04:43 - [TEST_STEP][PASSED] - click(findTestObject("Object Repository/Page_Amazon.com Shopping Cart/i_View fullhistory_hm-icon nav-sprite")): Object: 'Object Repository/Page_Amazon.com Shopping Cart/i_View fullhistory_hm-icon nav-sprite' is clicked on

2022-06-06 17:04:44 - [MESSAGE][PASSED] - Object: 'Object Repository/Page_Amazon.com Shopping Cart/i_View fullhistory_hm-icon nav-sprite' is clicked on

2022-06-06 17:04:44 - [TEST_STEP][PASSED] - click(findTestObject("Object Repository/Page_Amazon.com Shopping Cart/a_Sign Out")): Object: 'Object Repository/Page_Amazon.com Shopping Cart/a_Sign Out' is clicked on

2022-06-06 17:04:47 - [MESSAGE][PASSED] - Object: 'Object Repository/Page_Amazon.com Shopping Cart/a_Sign Out' is clicked on

2022-06-06 17:04:47 - [TEST_STEP][PASSED] - closeBrowser(): Browser is closed

2022-06-06 17:04:48 - [MESSAGE][PASSED] - Browser is closed]]></system-out>
         <system-err><![CDATA[]]></system-err>
      </testcase>
      <testcase name="Test Cases/DesktopAndWebApplication/NegativeAmazonScenario" time="18.002" classname="Test Cases/DesktopAndWebApplication/NegativeAmazonScenario" status="PASSED">
         <system-out><![CDATA[2022-06-06 17:04:48 - [TEST_CASE][PASSED] - Test Cases/DesktopAndWebApplication/NegativeAmazonScenario: Test Cases/DesktopAndWebApplication/NegativeAmazonScenario

2022-06-06 17:04:48 - [TEST_STEP][PASSED] - openBrowser(""): Browser is opened with url: ''

2022-06-06 17:04:48 - [MESSAGE][INFO] - Starting 'Chrome' driver

2022-06-06 17:04:48 - [MESSAGE][INFO] - Action delay is set to 0 milliseconds

2022-06-06 17:04:50 - [MESSAGE][PASSED] - Browser is opened with url: ''

2022-06-06 17:04:50 - [TEST_STEP][PASSED] - navigateToUrl("https://www.amazon.com/"): Navigate to 'https://www.amazon.com/' successfully

2022-06-06 17:04:55 - [MESSAGE][PASSED] - Navigate to 'https://www.amazon.com/' successfully

2022-06-06 17:04:55 - [TEST_STEP][PASSED] - maximizeWindow(): Current window maximized

2022-06-06 17:04:55 - [MESSAGE][PASSED] - Current window maximized

2022-06-06 17:04:55 - [TEST_STEP][PASSED] - click(findTestObject("Object Repository/Page_Amazon.com. Spend less. Smile more/span_Hello, Sign in")): Object: 'Object Repository/Page_Amazon.com. Spend less. Smile more/span_Hello, Sign in' is clicked on

2022-06-06 17:04:58 - [MESSAGE][PASSED] - Object: 'Object Repository/Page_Amazon.com. Spend less. Smile more/span_Hello, Sign in' is clicked on

2022-06-06 17:04:58 - [TEST_STEP][PASSED] - setText(findTestObject("Object Repository/Page_Amazon Sign-In/input_Email or mobile phone number_email"), Username): Text 'Damco2020@gmail.com' is set on object 'Object Repository/Page_Amazon Sign-In/input_Email or mobile phone number_email'

2022-06-06 17:04:59 - [MESSAGE][PASSED] - Text 'Damco2020@gmail.com' is set on object 'Object Repository/Page_Amazon Sign-In/input_Email or mobile phone number_email'

2022-06-06 17:04:59 - [TEST_STEP][PASSED] - verifyMatch("Damco2020@gmail.com", "Damco2020@gmail.com", false): Actual text 'Damco2020@gmail.com' and expected text 'Damco2020@gmail.com' are matched 

2022-06-06 17:04:59 - [MESSAGE][PASSED] - Actual text 'Damco2020@gmail.com' and expected text 'Damco2020@gmail.com' are matched 

2022-06-06 17:04:59 - [TEST_STEP][PASSED] - click(findTestObject("Object Repository/Page_Amazon Sign-In/div_Sign-In                                _f074ba")): Object: 'Object Repository/Page_Amazon Sign-In/div_Sign-In                                _f074ba' is clicked on

2022-06-06 17:05:01 - [MESSAGE][PASSED] - Object: 'Object Repository/Page_Amazon Sign-In/div_Sign-In                                _f074ba' is clicked on

2022-06-06 17:05:01 - [TEST_STEP][PASSED] - click(findTestObject("Object Repository/Page_Amazon Sign-In/input_Enter your email or mobile phone numb_fc7402")): Object: 'Object Repository/Page_Amazon Sign-In/input_Enter your email or mobile phone numb_fc7402' is clicked on

2022-06-06 17:05:03 - [MESSAGE][PASSED] - Object: 'Object Repository/Page_Amazon Sign-In/input_Enter your email or mobile phone numb_fc7402' is clicked on

2022-06-06 17:05:03 - [TEST_STEP][PASSED] - click(findTestObject("Object Repository/Page_Amazon Sign-In/div_There was a problem                    _7720a7")): Object: 'Object Repository/Page_Amazon Sign-In/div_There was a problem                    _7720a7' is clicked on

2022-06-06 17:05:04 - [MESSAGE][PASSED] - Object: 'Object Repository/Page_Amazon Sign-In/div_There was a problem                    _7720a7' is clicked on

2022-06-06 17:05:04 - [TEST_STEP][PASSED] - click(findTestObject("Object Repository/Page_Amazon Sign-In/li_We cannot find an account with that emai_8890fc")): Object: 'Object Repository/Page_Amazon Sign-In/li_We cannot find an account with that emai_8890fc' is clicked on

2022-06-06 17:05:05 - [MESSAGE][PASSED] - Object: 'Object Repository/Page_Amazon Sign-In/li_We cannot find an account with that emai_8890fc' is clicked on

2022-06-06 17:05:05 - [TEST_STEP][PASSED] - click(findTestObject("Object Repository/Page_Amazon Sign-In/div_There was a problem                    _7720a7")): Object: 'Object Repository/Page_Amazon Sign-In/div_There was a problem                    _7720a7' is clicked on

2022-06-06 17:05:05 - [MESSAGE][PASSED] - Object: 'Object Repository/Page_Amazon Sign-In/div_There was a problem                    _7720a7' is clicked on

2022-06-06 17:05:05 - [TEST_STEP][PASSED] - closeBrowser(): Browser is closed

2022-06-06 17:05:06 - [MESSAGE][PASSED] - Browser is closed]]></system-out>
         <system-err><![CDATA[]]></system-err>
      </testcase>
      <testcase name="Test Cases/DesktopAndWebApplication/ApiTest" time="2.388" classname="Test Cases/DesktopAndWebApplication/ApiTest" status="PASSED">
         <system-out><![CDATA[2022-06-06 17:05:06 - [TEST_CASE][PASSED] - Test Cases/DesktopAndWebApplication/ApiTest: Test Cases/DesktopAndWebApplication/ApiTest

2022-06-06 17:05:06 - [TEST_STEP][PASSED] - response = sendRequest(findTestObject("API")): Send request successfully

2022-06-06 17:05:08 - [MESSAGE][INFO] - HAR: C:\Users\AjayBezawada\Katalon Studio\My First Web UI Project\Reports\20220606_170159\testcaseorder\DesktopAndWebApplicationSuite\20220606_170159\requests\main\0.har

2022-06-06 17:05:08 - [MESSAGE][PASSED] - Send request successfully

2022-06-06 17:05:08 - [TEST_STEP][PASSED] - sendRequestAndVerify(findTestObject("API")): Send request and verify the response successfully

2022-06-06 17:05:08 - [MESSAGE][INFO] - HAR: C:\Users\AjayBezawada\Katalon Studio\My First Web UI Project\Reports\20220606_170159\testcaseorder\DesktopAndWebApplicationSuite\20220606_170159\requests\main\1.har

2022-06-06 17:05:08 - [TEST_CASE][PASSED] - Start Test Case : Verification: Verification accomplished successfully

2022-06-06 17:05:08 - [TEST_STEP][PASSED] - request = getInstance().getCurrentRequest(): null

2022-06-06 17:05:08 - [TEST_STEP][PASSED] - response = getInstance().getCurrentResponse(): null

2022-06-06 17:05:08 - [MESSAGE][PASSED] - Verify response successfully

2022-06-06 17:05:08 - [MESSAGE][PASSED] - Send request and verify the response successfully

2022-06-06 17:05:08 - [TEST_STEP][PASSED] - verifyResponseStatusCode(response, 200): Verify response status code successfully

2022-06-06 17:05:08 - [MESSAGE][PASSED] - Verify response status code successfully]]></system-out>
         <system-err><![CDATA[]]></system-err>
      </testcase>
      <system-out><![CDATA[2022-06-06 17:02:09 - [TEST_SUITE][PASSED] - DesktopAndWebApplicationSuite: Test Cases/DesktopAndWebApplication/ApiTest]]></system-out>
      <system-err><![CDATA[]]></system-err>
   </testsuite>
</testsuites>
